The system is: Linux - 3.10.0-327.4.4.el7.x86_64 - x86_64
Compiling the C compiler identification source file "CMakeCCompilerId.c" succeeded.
Compiler: /opt/intel/composer_xe_2015.3.187/bin/intel64/icc 
Build flags: 
Id flags: 

The output was:
0


Compilation of the C compiler identification source "CMakeCCompilerId.c" produced "a.out"

The C compiler identification is Intel, found in "/home/Yun-Hsuan/GitRepo/tensorlib/uni10/build/CMakeFiles/2.8.12.1/CompilerIdC/a.out"

Compiling the CXX compiler identification source file "CMakeCXXCompilerId.cpp" succeeded.
Compiler: /opt/intel/composer_xe_2015.3.187/bin/intel64/icpc 
Build flags: 
Id flags: 

The output was:
0


Compilation of the CXX compiler identification source "CMakeCXXCompilerId.cpp" produced "a.out"

The CXX compiler identification is Intel, found in "/home/Yun-Hsuan/GitRepo/tensorlib/uni10/build/CMakeFiles/2.8.12.1/CompilerIdCXX/a.out"

Determining if the C compiler works passed with the following output:
Change Dir: /home/Yun-Hsuan/GitRepo/tensorlib/uni10/build/CMakeFiles/CMakeTmp

Run Build Command:/usr/bin/gmake "cmTryCompileExec1957847274/fast"
/usr/bin/gmake -f CMakeFiles/cmTryCompileExec1957847274.dir/build.make CMakeFiles/cmTryCompileExec1957847274.dir/build
gmake[1]: Entering directory `/home/Yun-Hsuan/GitRepo/tensorlib/uni10/build/CMakeFiles/CMakeTmp'
/usr/local/bin/cmake -E cmake_progress_report /home/Yun-Hsuan/GitRepo/tensorlib/uni10/build/CMakeFiles/CMakeTmp/CMakeFiles 1
Building C object CMakeFiles/cmTryCompileExec1957847274.dir/testCCompiler.c.o
/opt/intel/composer_xe_2015.3.187/bin/intel64/icc    -o CMakeFiles/cmTryCompileExec1957847274.dir/testCCompiler.c.o   -c /home/Yun-Hsuan/GitRepo/tensorlib/uni10/build/CMakeFiles/CMakeTmp/testCCompiler.c
Linking C executable cmTryCompileExec1957847274
/usr/local/bin/cmake -E cmake_link_script CMakeFiles/cmTryCompileExec1957847274.dir/link.txt --verbose=1
/opt/intel/composer_xe_2015.3.187/bin/intel64/icc       CMakeFiles/cmTryCompileExec1957847274.dir/testCCompiler.c.o  -o cmTryCompileExec1957847274 -rdynamic 
gmake[1]: Leaving directory `/home/Yun-Hsuan/GitRepo/tensorlib/uni10/build/CMakeFiles/CMakeTmp'


Detecting C compiler ABI info compiled with the following output:
Change Dir: /home/Yun-Hsuan/GitRepo/tensorlib/uni10/build/CMakeFiles/CMakeTmp

Run Build Command:/usr/bin/gmake "cmTryCompileExec2599221268/fast"
/usr/bin/gmake -f CMakeFiles/cmTryCompileExec2599221268.dir/build.make CMakeFiles/cmTryCompileExec2599221268.dir/build
gmake[1]: Entering directory `/home/Yun-Hsuan/GitRepo/tensorlib/uni10/build/CMakeFiles/CMakeTmp'
/usr/local/bin/cmake -E cmake_progress_report /home/Yun-Hsuan/GitRepo/tensorlib/uni10/build/CMakeFiles/CMakeTmp/CMakeFiles 1
Building C object CMakeFiles/cmTryCompileExec2599221268.dir/CMakeCCompilerABI.c.o
/opt/intel/composer_xe_2015.3.187/bin/intel64/icc    -o CMakeFiles/cmTryCompileExec2599221268.dir/CMakeCCompilerABI.c.o   -c /usr/local/share/cmake-2.8/Modules/CMakeCCompilerABI.c
Linking C executable cmTryCompileExec2599221268
/usr/local/bin/cmake -E cmake_link_script CMakeFiles/cmTryCompileExec2599221268.dir/link.txt --verbose=1
/opt/intel/composer_xe_2015.3.187/bin/intel64/icc     -v CMakeFiles/cmTryCompileExec2599221268.dir/CMakeCCompilerABI.c.o  -o cmTryCompileExec2599221268 -rdynamic  
icc version 15.0.3 (gcc version 4.8.5 compatibility)
/opt/intel/composer_xe_2015.3.187/bin/intel64/mcpcom    -mP1OPT_version=15.0-intel64 -mGLOB_diag_file=CMakeFiles/cmTryCompileExec2599221268.dir/CMakeCCompilerABI.c.diag -mP1OPT_print_version=FALSE -mCG_use_gas_got_workaround=F -mP2OPT_align_option_used=TRUE -mGLOB_gcc_version=485 "-mGLOB_options_string=-v -o cmTryCompileExec2599221268 -rdynamic" -mGLOB_cxx_limited_range=FALSE -mCG_extend_parms=FALSE -mGLOB_compiler_bin_directory=/opt/intel/composer_xe_2015.3.187/bin/intel64 -mGLOB_as_output_backup_file_name=/tmp/iccYUsPBVas_.s -mIPOPT_activate -mGLOB_em64t -mGLOB_product_id_code=0x22006d91 -mP3OPT_use_mspp_call_convention -mP2OPT_subs_out_of_bound=FALSE -mP2OPT_disam_type_based_disam=2 -mP2OPT_disam_assume_ansi_c -mP2OPT_checked_disam_ansi_alias=TRUE -mGLOB_ansi_alias -mPGOPTI_value_profile_use=T -mGLOB_opt_report_use_source_name -mP2OPT_il0_array_sections=TRUE -mGLOB_offload_mode=1 -mP2OPT_offload_unique_var_string=icc010496628635IGEyRu -mP2OPT_hlo -mP2OPT_hpo_rtt_control=0 -mIPOPT_args_in_regs=0 -mP2OPT_disam_assume_nonstd_intent_in=FALSE -mGLOB_imf_mapping_library=/opt/intel/composer_xe_2015.3.187/bin/intel64/libiml_attr.so -mPGOPTI_gen_threadsafe_level=0 -mIPOPT_link -mIPOPT_ipo_activate -mIPOPT_mo_activate -mIPOPT_source_files_list=/tmp/iccslisLsCsCo -mIPOPT_mo_global_data -mIPOPT_link_script_file=/tmp/iccscriptfjE7Bz "-mIPOPT_cmdline_link="/usr/lib/gcc/x86_64-redhat-linux/4.8.5/../../../../lib64/crt1.o" "/usr/lib/gcc/x86_64-redhat-linux/4.8.5/../../../../lib64/crti.o" "/usr/lib/gcc/x86_64-redhat-linux/4.8.5/crtbegin.o" "-export-dynamic" "--eh-frame-hdr" "--build-id" "-dynamic-linker" "/lib64/ld-linux-x86-64.so.2" "-m" "elf_x86_64" "-o" "cmTryCompileExec2599221268" "-L/opt/intel/composer_xe_2015.3.187/compiler/lib/intel64" "-L/opt/intel/composer_xe_2015.3.187/ipp/../compiler/lib/intel64" "-L/opt/intel/composer_xe_2015.3.187/ipp/lib/intel64" "-L/opt/intel/composer_xe_2015.3.187/compiler/lib/intel64" "-L/opt/intel/composer_xe_2015.3.187/mkl/lib/intel64" "-L/opt/intel/composer_xe_2015.3.187/tbb/lib/intel64/gcc4.4" "-L/opt/intel/composer_xe_2015.3.187/compiler/lib/intel64" "-L/opt/intel/composer_xe_2015.3.187/ipp/../compiler/lib/intel64" "-L/opt/intel/composer_xe_2015.3.187/ipp/lib/intel64" "-L/opt/intel/composer_xe_2015.3.187/compiler/lib/intel64" "-L/opt/intel/composer_xe_2015.3.187/mkl/lib/intel64" "-L/opt/intel/composer_xe_2015.3.187/tbb/lib/intel64/gcc4.4" "-L/opt/intel/composer_xe_2015.3.187/compiler/lib/intel64" "-L/opt/intel/composer_xe_2015.3.187/ipp/../compiler/lib/intel64" "-L/opt/intel/composer_xe_2015.3.187/ipp/lib/intel64" "-L/opt/intel/composer_xe_2015.3.187/compiler/lib/intel64" "-L/opt/intel/composer_xe_2015.3.187/mkl/lib/intel64" "-L/opt/intel/composer_xe_2015.3.187/tbb/lib/intel64/gcc4.4" "-L/opt/intel/composer_xe_2015.3.187/compiler/lib/intel64" "-L/usr/lib/gcc/x86_64-redhat-linux/4.8.5/" "-L/usr/lib/gcc/x86_64-redhat-linux/4.8.5/../../../../lib64" "-L/usr/lib/gcc/x86_64-redhat-linux/4.8.5/../../../../lib64/" "-L/lib/../lib64" "-L/lib/../lib64/" "-L/usr/lib/../lib64" "-L/usr/lib/../lib64/" "-L/opt/intel/composer_xe_2015.3.187/compiler/lib/intel64/" "-L/opt/intel/composer_xe_2015.3.187/ipp/../compiler/lib/intel64/" "-L/opt/intel/composer_xe_2015.3.187/ipp/lib/intel64/" "-L/opt/intel/composer_xe_2015.3.187/mkl/lib/intel64/" "-L/opt/intel/composer_xe_2015.3.187/tbb/lib/intel64/gcc4.4/" "-L/usr/lib/gcc/x86_64-redhat-linux/4.8.5/../../../" "-L/lib64" "-L/lib/" "-L/usr/lib64" "-L/usr/lib" "CMakeFiles/cmTryCompileExec2599221268.dir/CMakeCCompilerABI.c.o" "-Bdynamic" "-Bstatic" "-limf" "-lsvml" "-lirng" "-Bdynamic" "-lm" "-Bstatic" "-lipgo" "-ldecimal" "--as-needed" "-Bdynamic" "-lcilkrts" "-lstdc++" "--no-as-needed" "-lgcc" "-lgcc_s" "-Bstatic" "-lirc" "-lsvml" "-Bdynamic" "-lc" "-lgcc" "-lgcc_s" "-Bstatic" "-lirc_s" "-Bdynamic" "-ldl" "-lc" "/usr/lib/gcc/x86_64-redhat-linux/4.8.5/crtend.o" "/usr/lib/gcc/x86_64-redhat-linux/4.8.5/../../../../lib64/crtn.o"" -mIPOPT_il_in_obj -mIPOPT_ipo_activate_warn=FALSE -mIPOPT_obj_output_file_name=/tmp/ipo_iccNttxEk.o -mIPOPT_whole_archive_fixup_file_name=/tmp/iccwarch8FLPMH -mGLOB_linker_version=2.23.52.0.1 -mGLOB_long_size_64 -mGLOB_routine_pointer_size_64 -mGLOB_driver_tempfile_name=/tmp/icctempfilefho0OS -mP3OPT_asm_target=P3OPT_ASM_TARGET_GAS -mGLOB_async_unwind_tables=TRUE -mGLOB_obj_output_file=/tmp/ipo_iccNttxEk.o -mGLOB_source_dialect=GLOB_SOURCE_DIALECT_NONE -mP1OPT_source_file_name=ipo_out.c CMakeFiles/cmTryCompileExec2599221268.dir/CMakeCCompilerABI.c.o -mIPOPT_object_files=T -mIPOPT_assembly_files=/tmp/iccalisbuRPDG -mIPOPT_generated_tempfiles=/tmp/iccelisRAmuDR -mIPOPT_embedded_object_base_name=/tmp/icceobjZ7Y8C2 -mIPOPT_cmdline_link_new_name=/tmp/iccllisZsJNCd
ld    /usr/lib/gcc/x86_64-redhat-linux/4.8.5/../../../../lib64/crt1.o /usr/lib/gcc/x86_64-redhat-linux/4.8.5/../../../../lib64/crti.o /usr/lib/gcc/x86_64-redhat-linux/4.8.5/crtbegin.o -export-dynamic --eh-frame-hdr --build-id -dynamic-linker /lib64/ld-linux-x86-64.so.2 -m elf_x86_64 -o cmTryCompileExec2599221268 -L/opt/intel/composer_xe_2015.3.187/compiler/lib/intel64 -L/opt/intel/composer_xe_2015.3.187/ipp/../compiler/lib/intel64 -L/opt/intel/composer_xe_2015.3.187/ipp/lib/intel64 -L/opt/intel/composer_xe_2015.3.187/compiler/lib/intel64 -L/opt/intel/composer_xe_2015.3.187/mkl/lib/intel64 -L/opt/intel/composer_xe_2015.3.187/tbb/lib/intel64/gcc4.4 -L/opt/intel/composer_xe_2015.3.187/compiler/lib/intel64 -L/opt/intel/composer_xe_2015.3.187/ipp/../compiler/lib/intel64 -L/opt/intel/composer_xe_2015.3.187/ipp/lib/intel64 -L/opt/intel/composer_xe_2015.3.187/compiler/lib/intel64 -L/opt/intel/composer_xe_2015.3.187/mkl/lib/intel64 -L/opt/intel/composer_xe_2015.3.187/tbb/lib/intel64/gcc4.4 -L/opt/intel/composer_xe_2015.3.187/compiler/lib/intel64 -L/opt/intel/composer_xe_2015.3.187/ipp/../compiler/lib/intel64 -L/opt/intel/composer_xe_2015.3.187/ipp/lib/intel64 -L/opt/intel/composer_xe_2015.3.187/compiler/lib/intel64 -L/opt/intel/composer_xe_2015.3.187/mkl/lib/intel64 -L/opt/intel/composer_xe_2015.3.187/tbb/lib/intel64/gcc4.4 -L/opt/intel/composer_xe_2015.3.187/compiler/lib/intel64 -L/usr/lib/gcc/x86_64-redhat-linux/4.8.5/ -L/usr/lib/gcc/x86_64-redhat-linux/4.8.5/../../../../lib64 -L/usr/lib/gcc/x86_64-redhat-linux/4.8.5/../../../../lib64/ -L/lib/../lib64 -L/lib/../lib64/ -L/usr/lib/../lib64 -L/usr/lib/../lib64/ -L/opt/intel/composer_xe_2015.3.187/compiler/lib/intel64/ -L/opt/intel/composer_xe_2015.3.187/ipp/../compiler/lib/intel64/ -L/opt/intel/composer_xe_2015.3.187/ipp/lib/intel64/ -L/opt/intel/composer_xe_2015.3.187/mkl/lib/intel64/ -L/opt/intel/composer_xe_2015.3.187/tbb/lib/intel64/gcc4.4/ -L/usr/lib/gcc/x86_64-redhat-linux/4.8.5/../../../ -L/lib64 -L/lib/ -L/usr/lib64 -L/usr/lib CMakeFiles/cmTryCompileExec2599221268.dir/CMakeCCompilerABI.c.o -Bdynamic -Bstatic -limf -lsvml -lirng -Bdynamic -lm -Bstatic -lipgo -ldecimal --as-needed -Bdynamic -lcilkrts -lstdc++ --no-as-needed -lgcc -lgcc_s -Bstatic -lirc -lsvml -Bdynamic -lc -lgcc -lgcc_s -Bstatic -lirc_s -Bdynamic -ldl -lc /usr/lib/gcc/x86_64-redhat-linux/4.8.5/crtend.o /usr/lib/gcc/x86_64-redhat-linux/4.8.5/../../../../lib64/crtn.o
gmake[1]: Leaving directory `/home/Yun-Hsuan/GitRepo/tensorlib/uni10/build/CMakeFiles/CMakeTmp'


Parsed C implicit link information from above output:
  link line regex: [^( *|.*[/\])(xild|([^/\]+-)?ld|collect2)[^/\]*( |$)]
  ignore line: [Change Dir: /home/Yun-Hsuan/GitRepo/tensorlib/uni10/build/CMakeFiles/CMakeTmp]
  ignore line: []
  ignore line: [Run Build Command:/usr/bin/gmake "cmTryCompileExec2599221268/fast"]
  ignore line: [/usr/bin/gmake -f CMakeFiles/cmTryCompileExec2599221268.dir/build.make CMakeFiles/cmTryCompileExec2599221268.dir/build]
  ignore line: [gmake[1]: Entering directory `/home/Yun-Hsuan/GitRepo/tensorlib/uni10/build/CMakeFiles/CMakeTmp']
  ignore line: [/usr/local/bin/cmake -E cmake_progress_report /home/Yun-Hsuan/GitRepo/tensorlib/uni10/build/CMakeFiles/CMakeTmp/CMakeFiles 1]
  ignore line: [Building C object CMakeFiles/cmTryCompileExec2599221268.dir/CMakeCCompilerABI.c.o]
  ignore line: [/opt/intel/composer_xe_2015.3.187/bin/intel64/icc    -o CMakeFiles/cmTryCompileExec2599221268.dir/CMakeCCompilerABI.c.o   -c /usr/local/share/cmake-2.8/Modules/CMakeCCompilerABI.c]
  ignore line: [Linking C executable cmTryCompileExec2599221268]
  ignore line: [/usr/local/bin/cmake -E cmake_link_script CMakeFiles/cmTryCompileExec2599221268.dir/link.txt --verbose=1]
  ignore line: [/opt/intel/composer_xe_2015.3.187/bin/intel64/icc     -v CMakeFiles/cmTryCompileExec2599221268.dir/CMakeCCompilerABI.c.o  -o cmTryCompileExec2599221268 -rdynamic  ]
  ignore line: [icc version 15.0.3 (gcc version 4.8.5 compatibility)]
  ignore line: [/opt/intel/composer_xe_2015.3.187/bin/intel64/mcpcom    -mP1OPT_version=15.0-intel64 -mGLOB_diag_file=CMakeFiles/cmTryCompileExec2599221268.dir/CMakeCCompilerABI.c.diag -mP1OPT_print_version=FALSE -mCG_use_gas_got_workaround=F -mP2OPT_align_option_used=TRUE -mGLOB_gcc_version=485 "-mGLOB_options_string=-v -o cmTryCompileExec2599221268 -rdynamic" -mGLOB_cxx_limited_range=FALSE -mCG_extend_parms=FALSE -mGLOB_compiler_bin_directory=/opt/intel/composer_xe_2015.3.187/bin/intel64 -mGLOB_as_output_backup_file_name=/tmp/iccYUsPBVas_.s -mIPOPT_activate -mGLOB_em64t -mGLOB_product_id_code=0x22006d91 -mP3OPT_use_mspp_call_convention -mP2OPT_subs_out_of_bound=FALSE -mP2OPT_disam_type_based_disam=2 -mP2OPT_disam_assume_ansi_c -mP2OPT_checked_disam_ansi_alias=TRUE -mGLOB_ansi_alias -mPGOPTI_value_profile_use=T -mGLOB_opt_report_use_source_name -mP2OPT_il0_array_sections=TRUE -mGLOB_offload_mode=1 -mP2OPT_offload_unique_var_string=icc010496628635IGEyRu -mP2OPT_hlo -mP2OPT_hpo_rtt_control=0 -mIPOPT_args_in_regs=0 -mP2OPT_disam_assume_nonstd_intent_in=FALSE -mGLOB_imf_mapping_library=/opt/intel/composer_xe_2015.3.187/bin/intel64/libiml_attr.so -mPGOPTI_gen_threadsafe_level=0 -mIPOPT_link -mIPOPT_ipo_activate -mIPOPT_mo_activate -mIPOPT_source_files_list=/tmp/iccslisLsCsCo -mIPOPT_mo_global_data -mIPOPT_link_script_file=/tmp/iccscriptfjE7Bz "-mIPOPT_cmdline_link="/usr/lib/gcc/x86_64-redhat-linux/4.8.5/../../../../lib64/crt1.o" "/usr/lib/gcc/x86_64-redhat-linux/4.8.5/../../../../lib64/crti.o" "/usr/lib/gcc/x86_64-redhat-linux/4.8.5/crtbegin.o" "-export-dynamic" "--eh-frame-hdr" "--build-id" "-dynamic-linker" "/lib64/ld-linux-x86-64.so.2" "-m" "elf_x86_64" "-o" "cmTryCompileExec2599221268" "-L/opt/intel/composer_xe_2015.3.187/compiler/lib/intel64" "-L/opt/intel/composer_xe_2015.3.187/ipp/../compiler/lib/intel64" "-L/opt/intel/composer_xe_2015.3.187/ipp/lib/intel64" "-L/opt/intel/composer_xe_2015.3.187/compiler/lib/intel64" "-L/opt/intel/composer_xe_2015.3.187/mkl/lib/intel64" "-L/opt/intel/composer_xe_2015.3.187/tbb/lib/intel64/gcc4.4" "-L/opt/intel/composer_xe_2015.3.187/compiler/lib/intel64" "-L/opt/intel/composer_xe_2015.3.187/ipp/../compiler/lib/intel64" "-L/opt/intel/composer_xe_2015.3.187/ipp/lib/intel64" "-L/opt/intel/composer_xe_2015.3.187/compiler/lib/intel64" "-L/opt/intel/composer_xe_2015.3.187/mkl/lib/intel64" "-L/opt/intel/composer_xe_2015.3.187/tbb/lib/intel64/gcc4.4" "-L/opt/intel/composer_xe_2015.3.187/compiler/lib/intel64" "-L/opt/intel/composer_xe_2015.3.187/ipp/../compiler/lib/intel64" "-L/opt/intel/composer_xe_2015.3.187/ipp/lib/intel64" "-L/opt/intel/composer_xe_2015.3.187/compiler/lib/intel64" "-L/opt/intel/composer_xe_2015.3.187/mkl/lib/intel64" "-L/opt/intel/composer_xe_2015.3.187/tbb/lib/intel64/gcc4.4" "-L/opt/intel/composer_xe_2015.3.187/compiler/lib/intel64" "-L/usr/lib/gcc/x86_64-redhat-linux/4.8.5/" "-L/usr/lib/gcc/x86_64-redhat-linux/4.8.5/../../../../lib64" "-L/usr/lib/gcc/x86_64-redhat-linux/4.8.5/../../../../lib64/" "-L/lib/../lib64" "-L/lib/../lib64/" "-L/usr/lib/../lib64" "-L/usr/lib/../lib64/" "-L/opt/intel/composer_xe_2015.3.187/compiler/lib/intel64/" "-L/opt/intel/composer_xe_2015.3.187/ipp/../compiler/lib/intel64/" "-L/opt/intel/composer_xe_2015.3.187/ipp/lib/intel64/" "-L/opt/intel/composer_xe_2015.3.187/mkl/lib/intel64/" "-L/opt/intel/composer_xe_2015.3.187/tbb/lib/intel64/gcc4.4/" "-L/usr/lib/gcc/x86_64-redhat-linux/4.8.5/../../../" "-L/lib64" "-L/lib/" "-L/usr/lib64" "-L/usr/lib" "CMakeFiles/cmTryCompileExec2599221268.dir/CMakeCCompilerABI.c.o" "-Bdynamic" "-Bstatic" "-limf" "-lsvml" "-lirng" "-Bdynamic" "-lm" "-Bstatic" "-lipgo" "-ldecimal" "--as-needed" "-Bdynamic" "-lcilkrts" "-lstdc++" "--no-as-needed" "-lgcc" "-lgcc_s" "-Bstatic" "-lirc" "-lsvml" "-Bdynamic" "-lc" "-lgcc" "-lgcc_s" "-Bstatic" "-lirc_s" "-Bdynamic" "-ldl" "-lc" "/usr/lib/gcc/x86_64-redhat-linux/4.8.5/crtend.o" "/usr/lib/gcc/x86_64-redhat-linux/4.8.5/../../../../lib64/crtn.o"" -mIPOPT_il_in_obj -mIPOPT_ipo_activate_warn=FALSE -mIPOPT_obj_output_file_name=/tmp/ipo_iccNttxEk.o -mIPOPT_whole_archive_fixup_file_name=/tmp/iccwarch8FLPMH -mGLOB_linker_version=2.23.52.0.1 -mGLOB_long_size_64 -mGLOB_routine_pointer_size_64 -mGLOB_driver_tempfile_name=/tmp/icctempfilefho0OS -mP3OPT_asm_target=P3OPT_ASM_TARGET_GAS -mGLOB_async_unwind_tables=TRUE -mGLOB_obj_output_file=/tmp/ipo_iccNttxEk.o -mGLOB_source_dialect=GLOB_SOURCE_DIALECT_NONE -mP1OPT_source_file_name=ipo_out.c CMakeFiles/cmTryCompileExec2599221268.dir/CMakeCCompilerABI.c.o -mIPOPT_object_files=T -mIPOPT_assembly_files=/tmp/iccalisbuRPDG -mIPOPT_generated_tempfiles=/tmp/iccelisRAmuDR -mIPOPT_embedded_object_base_name=/tmp/icceobjZ7Y8C2 -mIPOPT_cmdline_link_new_name=/tmp/iccllisZsJNCd]
  link line: [ld    /usr/lib/gcc/x86_64-redhat-linux/4.8.5/../../../../lib64/crt1.o /usr/lib/gcc/x86_64-redhat-linux/4.8.5/../../../../lib64/crti.o /usr/lib/gcc/x86_64-redhat-linux/4.8.5/crtbegin.o -export-dynamic --eh-frame-hdr --build-id -dynamic-linker /lib64/ld-linux-x86-64.so.2 -m elf_x86_64 -o cmTryCompileExec2599221268 -L/opt/intel/composer_xe_2015.3.187/compiler/lib/intel64 -L/opt/intel/composer_xe_2015.3.187/ipp/../compiler/lib/intel64 -L/opt/intel/composer_xe_2015.3.187/ipp/lib/intel64 -L/opt/intel/composer_xe_2015.3.187/compiler/lib/intel64 -L/opt/intel/composer_xe_2015.3.187/mkl/lib/intel64 -L/opt/intel/composer_xe_2015.3.187/tbb/lib/intel64/gcc4.4 -L/opt/intel/composer_xe_2015.3.187/compiler/lib/intel64 -L/opt/intel/composer_xe_2015.3.187/ipp/../compiler/lib/intel64 -L/opt/intel/composer_xe_2015.3.187/ipp/lib/intel64 -L/opt/intel/composer_xe_2015.3.187/compiler/lib/intel64 -L/opt/intel/composer_xe_2015.3.187/mkl/lib/intel64 -L/opt/intel/composer_xe_2015.3.187/tbb/lib/intel64/gcc4.4 -L/opt/intel/composer_xe_2015.3.187/compiler/lib/intel64 -L/opt/intel/composer_xe_2015.3.187/ipp/../compiler/lib/intel64 -L/opt/intel/composer_xe_2015.3.187/ipp/lib/intel64 -L/opt/intel/composer_xe_2015.3.187/compiler/lib/intel64 -L/opt/intel/composer_xe_2015.3.187/mkl/lib/intel64 -L/opt/intel/composer_xe_2015.3.187/tbb/lib/intel64/gcc4.4 -L/opt/intel/composer_xe_2015.3.187/compiler/lib/intel64 -L/usr/lib/gcc/x86_64-redhat-linux/4.8.5/ -L/usr/lib/gcc/x86_64-redhat-linux/4.8.5/../../../../lib64 -L/usr/lib/gcc/x86_64-redhat-linux/4.8.5/../../../../lib64/ -L/lib/../lib64 -L/lib/../lib64/ -L/usr/lib/../lib64 -L/usr/lib/../lib64/ -L/opt/intel/composer_xe_2015.3.187/compiler/lib/intel64/ -L/opt/intel/composer_xe_2015.3.187/ipp/../compiler/lib/intel64/ -L/opt/intel/composer_xe_2015.3.187/ipp/lib/intel64/ -L/opt/intel/composer_xe_2015.3.187/mkl/lib/intel64/ -L/opt/intel/composer_xe_2015.3.187/tbb/lib/intel64/gcc4.4/ -L/usr/lib/gcc/x86_64-redhat-linux/4.8.5/../../../ -L/lib64 -L/lib/ -L/usr/lib64 -L/usr/lib CMakeFiles/cmTryCompileExec2599221268.dir/CMakeCCompilerABI.c.o -Bdynamic -Bstatic -limf -lsvml -lirng -Bdynamic -lm -Bstatic -lipgo -ldecimal --as-needed -Bdynamic -lcilkrts -lstdc++ --no-as-needed -lgcc -lgcc_s -Bstatic -lirc -lsvml -Bdynamic -lc -lgcc -lgcc_s -Bstatic -lirc_s -Bdynamic -ldl -lc /usr/lib/gcc/x86_64-redhat-linux/4.8.5/crtend.o /usr/lib/gcc/x86_64-redhat-linux/4.8.5/../../../../lib64/crtn.o]
    arg [ld] ==> ignore
    arg [/usr/lib/gcc/x86_64-redhat-linux/4.8.5/../../../../lib64/crt1.o] ==> ignore
    arg [/usr/lib/gcc/x86_64-redhat-linux/4.8.5/../../../../lib64/crti.o] ==> ignore
    arg [/usr/lib/gcc/x86_64-redhat-linux/4.8.5/crtbegin.o] ==> ignore
    arg [-export-dynamic] ==> ignore
    arg [--eh-frame-hdr] ==> ignore
    arg [--build-id] ==> ignore
    arg [-dynamic-linker] ==> ignore
    arg [/lib64/ld-linux-x86-64.so.2] ==> ignore
    arg [-m] ==> ignore
    arg [elf_x86_64] ==> ignore
    arg [-o] ==> ignore
    arg [cmTryCompileExec2599221268] ==> ignore
    arg [-L/opt/intel/composer_xe_2015.3.187/compiler/lib/intel64] ==> dir [/opt/intel/composer_xe_2015.3.187/compiler/lib/intel64]
    arg [-L/opt/intel/composer_xe_2015.3.187/ipp/../compiler/lib/intel64] ==> dir [/opt/intel/composer_xe_2015.3.187/ipp/../compiler/lib/intel64]
    arg [-L/opt/intel/composer_xe_2015.3.187/ipp/lib/intel64] ==> dir [/opt/intel/composer_xe_2015.3.187/ipp/lib/intel64]
    arg [-L/opt/intel/composer_xe_2015.3.187/compiler/lib/intel64] ==> dir [/opt/intel/composer_xe_2015.3.187/compiler/lib/intel64]
    arg [-L/opt/intel/composer_xe_2015.3.187/mkl/lib/intel64] ==> dir [/opt/intel/composer_xe_2015.3.187/mkl/lib/intel64]
    arg [-L/opt/intel/composer_xe_2015.3.187/tbb/lib/intel64/gcc4.4] ==> dir [/opt/intel/composer_xe_2015.3.187/tbb/lib/intel64/gcc4.4]
    arg [-L/opt/intel/composer_xe_2015.3.187/compiler/lib/intel64] ==> dir [/opt/intel/composer_xe_2015.3.187/compiler/lib/intel64]
    arg [-L/opt/intel/composer_xe_2015.3.187/ipp/../compiler/lib/intel64] ==> dir [/opt/intel/composer_xe_2015.3.187/ipp/../compiler/lib/intel64]
    arg [-L/opt/intel/composer_xe_2015.3.187/ipp/lib/intel64] ==> dir [/opt/intel/composer_xe_2015.3.187/ipp/lib/intel64]
    arg [-L/opt/intel/composer_xe_2015.3.187/compiler/lib/intel64] ==> dir [/opt/intel/composer_xe_2015.3.187/compiler/lib/intel64]
    arg [-L/opt/intel/composer_xe_2015.3.187/mkl/lib/intel64] ==> dir [/opt/intel/composer_xe_2015.3.187/mkl/lib/intel64]
    arg [-L/opt/intel/composer_xe_2015.3.187/tbb/lib/intel64/gcc4.4] ==> dir [/opt/intel/composer_xe_2015.3.187/tbb/lib/intel64/gcc4.4]
    arg [-L/opt/intel/composer_xe_2015.3.187/compiler/lib/intel64] ==> dir [/opt/intel/composer_xe_2015.3.187/compiler/lib/intel64]
    arg [-L/opt/intel/composer_xe_2015.3.187/ipp/../compiler/lib/intel64] ==> dir [/opt/intel/composer_xe_2015.3.187/ipp/../compiler/lib/intel64]
    arg [-L/opt/intel/composer_xe_2015.3.187/ipp/lib/intel64] ==> dir [/opt/intel/composer_xe_2015.3.187/ipp/lib/intel64]
    arg [-L/opt/intel/composer_xe_2015.3.187/compiler/lib/intel64] ==> dir [/opt/intel/composer_xe_2015.3.187/compiler/lib/intel64]
    arg [-L/opt/intel/composer_xe_2015.3.187/mkl/lib/intel64] ==> dir [/opt/intel/composer_xe_2015.3.187/mkl/lib/intel64]
    arg [-L/opt/intel/composer_xe_2015.3.187/tbb/lib/intel64/gcc4.4] ==> dir [/opt/intel/composer_xe_2015.3.187/tbb/lib/intel64/gcc4.4]
    arg [-L/opt/intel/composer_xe_2015.3.187/compiler/lib/intel64] ==> dir [/opt/intel/composer_xe_2015.3.187/compiler/lib/intel64]
    arg [-L/usr/lib/gcc/x86_64-redhat-linux/4.8.5/] ==> dir [/usr/lib/gcc/x86_64-redhat-linux/4.8.5/]
    arg [-L/usr/lib/gcc/x86_64-redhat-linux/4.8.5/../../../../lib64] ==> dir [/usr/lib/gcc/x86_64-redhat-linux/4.8.5/../../../../lib64]
    arg [-L/usr/lib/gcc/x86_64-redhat-linux/4.8.5/../../../../lib64/] ==> dir [/usr/lib/gcc/x86_64-redhat-linux/4.8.5/../../../../lib64/]
    arg [-L/lib/../lib64] ==> dir [/lib/../lib64]
    arg [-L/lib/../lib64/] ==> dir [/lib/../lib64/]
    arg [-L/usr/lib/../lib64] ==> dir [/usr/lib/../lib64]
    arg [-L/usr/lib/../lib64/] ==> dir [/usr/lib/../lib64/]
    arg [-L/opt/intel/composer_xe_2015.3.187/compiler/lib/intel64/] ==> dir [/opt/intel/composer_xe_2015.3.187/compiler/lib/intel64/]
    arg [-L/opt/intel/composer_xe_2015.3.187/ipp/../compiler/lib/intel64/] ==> dir [/opt/intel/composer_xe_2015.3.187/ipp/../compiler/lib/intel64/]
    arg [-L/opt/intel/composer_xe_2015.3.187/ipp/lib/intel64/] ==> dir [/opt/intel/composer_xe_2015.3.187/ipp/lib/intel64/]
    arg [-L/opt/intel/composer_xe_2015.3.187/mkl/lib/intel64/] ==> dir [/opt/intel/composer_xe_2015.3.187/mkl/lib/intel64/]
    arg [-L/opt/intel/composer_xe_2015.3.187/tbb/lib/intel64/gcc4.4/] ==> dir [/opt/intel/composer_xe_2015.3.187/tbb/lib/intel64/gcc4.4/]
    arg [-L/usr/lib/gcc/x86_64-redhat-linux/4.8.5/../../../] ==> dir [/usr/lib/gcc/x86_64-redhat-linux/4.8.5/../../../]
    arg [-L/lib64] ==> dir [/lib64]
    arg [-L/lib/] ==> dir [/lib/]
    arg [-L/usr/lib64] ==> dir [/usr/lib64]
    arg [-L/usr/lib] ==> dir [/usr/lib]
    arg [CMakeFiles/cmTryCompileExec2599221268.dir/CMakeCCompilerABI.c.o] ==> ignore
    arg [-Bdynamic] ==> ignore
    arg [-Bstatic] ==> ignore
    arg [-limf] ==> lib [imf]
    arg [-lsvml] ==> lib [svml]
    arg [-lirng] ==> lib [irng]
    arg [-Bdynamic] ==> ignore
    arg [-lm] ==> lib [m]
    arg [-Bstatic] ==> ignore
    arg [-lipgo] ==> lib [ipgo]
    arg [-ldecimal] ==> lib [decimal]
    arg [--as-needed] ==> ignore
    arg [-Bdynamic] ==> ignore
    arg [-lcilkrts] ==> lib [cilkrts]
    arg [-lstdc++] ==> lib [stdc++]
    arg [--no-as-needed] ==> ignore
    arg [-lgcc] ==> lib [gcc]
    arg [-lgcc_s] ==> lib [gcc_s]
    arg [-Bstatic] ==> ignore
    arg [-lirc] ==> lib [irc]
    arg [-lsvml] ==> lib [svml]
    arg [-Bdynamic] ==> ignore
    arg [-lc] ==> lib [c]
    arg [-lgcc] ==> lib [gcc]
    arg [-lgcc_s] ==> lib [gcc_s]
    arg [-Bstatic] ==> ignore
    arg [-lirc_s] ==> lib [irc_s]
    arg [-Bdynamic] ==> ignore
    arg [-ldl] ==> lib [dl]
    arg [-lc] ==> lib [c]
    arg [/usr/lib/gcc/x86_64-redhat-linux/4.8.5/crtend.o] ==> ignore
    arg [/usr/lib/gcc/x86_64-redhat-linux/4.8.5/../../../../lib64/crtn.o] ==> ignore
  remove lib [gcc]
  remove lib [gcc_s]
  remove lib [gcc]
  remove lib [gcc_s]
  collapse library dir [/opt/intel/composer_xe_2015.3.187/compiler/lib/intel64] ==> [/opt/intel/composer_xe_2015.3.187/compiler/lib/intel64]
  collapse library dir [/opt/intel/composer_xe_2015.3.187/ipp/../compiler/lib/intel64] ==> [/opt/intel/composer_xe_2015.3.187/compiler/lib/intel64]
  collapse library dir [/opt/intel/composer_xe_2015.3.187/ipp/lib/intel64] ==> [/opt/intel/composer_xe_2015.3.187/ipp/lib/intel64]
  collapse library dir [/opt/intel/composer_xe_2015.3.187/compiler/lib/intel64] ==> [/opt/intel/composer_xe_2015.3.187/compiler/lib/intel64]
  collapse library dir [/opt/intel/composer_xe_2015.3.187/mkl/lib/intel64] ==> [/opt/intel/composer_xe_2015.3.187/mkl/lib/intel64]
  collapse library dir [/opt/intel/composer_xe_2015.3.187/tbb/lib/intel64/gcc4.4] ==> [/opt/intel/composer_xe_2015.3.187/tbb/lib/intel64/gcc4.4]
  collapse library dir [/opt/intel/composer_xe_2015.3.187/compiler/lib/intel64] ==> [/opt/intel/composer_xe_2015.3.187/compiler/lib/intel64]
  collapse library dir [/opt/intel/composer_xe_2015.3.187/ipp/../compiler/lib/intel64] ==> [/opt/intel/composer_xe_2015.3.187/compiler/lib/intel64]
  collapse library dir [/opt/intel/composer_xe_2015.3.187/ipp/lib/intel64] ==> [/opt/intel/composer_xe_2015.3.187/ipp/lib/intel64]
  collapse library dir [/opt/intel/composer_xe_2015.3.187/compiler/lib/intel64] ==> [/opt/intel/composer_xe_2015.3.187/compiler/lib/intel64]
  collapse library dir [/opt/intel/composer_xe_2015.3.187/mkl/lib/intel64] ==> [/opt/intel/composer_xe_2015.3.187/mkl/lib/intel64]
  collapse library dir [/opt/intel/composer_xe_2015.3.187/tbb/lib/intel64/gcc4.4] ==> [/opt/intel/composer_xe_2015.3.187/tbb/lib/intel64/gcc4.4]
  collapse library dir [/opt/intel/composer_xe_2015.3.187/compiler/lib/intel64] ==> [/opt/intel/composer_xe_2015.3.187/compiler/lib/intel64]
  collapse library dir [/opt/intel/composer_xe_2015.3.187/ipp/../compiler/lib/intel64] ==> [/opt/intel/composer_xe_2015.3.187/compiler/lib/intel64]
  collapse library dir [/opt/intel/composer_xe_2015.3.187/ipp/lib/intel64] ==> [/opt/intel/composer_xe_2015.3.187/ipp/lib/intel64]
  collapse library dir [/opt/intel/composer_xe_2015.3.187/compiler/lib/intel64] ==> [/opt/intel/composer_xe_2015.3.187/compiler/lib/intel64]
  collapse library dir [/opt/intel/composer_xe_2015.3.187/mkl/lib/intel64] ==> [/opt/intel/composer_xe_2015.3.187/mkl/lib/intel64]
  collapse library dir [/opt/intel/composer_xe_2015.3.187/tbb/lib/intel64/gcc4.4] ==> [/opt/intel/composer_xe_2015.3.187/tbb/lib/intel64/gcc4.4]
  collapse library dir [/opt/intel/composer_xe_2015.3.187/compiler/lib/intel64] ==> [/opt/intel/composer_xe_2015.3.187/compiler/lib/intel64]
  collapse library dir [/usr/lib/gcc/x86_64-redhat-linux/4.8.5/] ==> [/usr/lib/gcc/x86_64-redhat-linux/4.8.5]
  collapse library dir [/usr/lib/gcc/x86_64-redhat-linux/4.8.5/../../../../lib64] ==> [/usr/lib64]
  collapse library dir [/usr/lib/gcc/x86_64-redhat-linux/4.8.5/../../../../lib64/] ==> [/usr/lib64]
  collapse library dir [/lib/../lib64] ==> [/lib64]
  collapse library dir [/lib/../lib64/] ==> [/lib64]
  collapse library dir [/usr/lib/../lib64] ==> [/usr/lib64]
  collapse library dir [/usr/lib/../lib64/] ==> [/usr/lib64]
  collapse library dir [/opt/intel/composer_xe_2015.3.187/compiler/lib/intel64/] ==> [/opt/intel/composer_xe_2015.3.187/compiler/lib/intel64]
  collapse library dir [/opt/intel/composer_xe_2015.3.187/ipp/../compiler/lib/intel64/] ==> [/opt/intel/composer_xe_2015.3.187/compiler/lib/intel64]
  collapse library dir [/opt/intel/composer_xe_2015.3.187/ipp/lib/intel64/] ==> [/opt/intel/composer_xe_2015.3.187/ipp/lib/intel64]
  collapse library dir [/opt/intel/composer_xe_2015.3.187/mkl/lib/intel64/] ==> [/opt/intel/composer_xe_2015.3.187/mkl/lib/intel64]
  collapse library dir [/opt/intel/composer_xe_2015.3.187/tbb/lib/intel64/gcc4.4/] ==> [/opt/intel/composer_xe_2015.3.187/tbb/lib/intel64/gcc4.4]
  collapse library dir [/usr/lib/gcc/x86_64-redhat-linux/4.8.5/../../../] ==> [/usr/lib]
  collapse library dir [/lib64] ==> [/lib64]
  collapse library dir [/lib/] ==> [/lib]
  collapse library dir [/usr/lib64] ==> [/usr/lib64]
  collapse library dir [/usr/lib] ==> [/usr/lib]
  implicit libs: [imf;svml;irng;m;ipgo;decimal;cilkrts;stdc++;irc;svml;c;irc_s;dl;c]
  implicit dirs: [/opt/intel/composer_xe_2015.3.187/compiler/lib/intel64;/opt/intel/composer_xe_2015.3.187/ipp/lib/intel64;/opt/intel/composer_xe_2015.3.187/mkl/lib/intel64;/opt/intel/composer_xe_2015.3.187/tbb/lib/intel64/gcc4.4;/usr/lib/gcc/x86_64-redhat-linux/4.8.5;/usr/lib64;/lib64;/usr/lib;/lib]
  implicit fwks: []


Determining if the CXX compiler works passed with the following output:
Change Dir: /home/Yun-Hsuan/GitRepo/tensorlib/uni10/build/CMakeFiles/CMakeTmp

Run Build Command:/usr/bin/gmake "cmTryCompileExec673639445/fast"
/usr/bin/gmake -f CMakeFiles/cmTryCompileExec673639445.dir/build.make CMakeFiles/cmTryCompileExec673639445.dir/build
gmake[1]: Entering directory `/home/Yun-Hsuan/GitRepo/tensorlib/uni10/build/CMakeFiles/CMakeTmp'
/usr/local/bin/cmake -E cmake_progress_report /home/Yun-Hsuan/GitRepo/tensorlib/uni10/build/CMakeFiles/CMakeTmp/CMakeFiles 1
Building CXX object CMakeFiles/cmTryCompileExec673639445.dir/testCXXCompiler.cxx.o
/opt/intel/composer_xe_2015.3.187/bin/intel64/icpc     -o CMakeFiles/cmTryCompileExec673639445.dir/testCXXCompiler.cxx.o -c /home/Yun-Hsuan/GitRepo/tensorlib/uni10/build/CMakeFiles/CMakeTmp/testCXXCompiler.cxx
Linking CXX executable cmTryCompileExec673639445
/usr/local/bin/cmake -E cmake_link_script CMakeFiles/cmTryCompileExec673639445.dir/link.txt --verbose=1
/opt/intel/composer_xe_2015.3.187/bin/intel64/icpc        CMakeFiles/cmTryCompileExec673639445.dir/testCXXCompiler.cxx.o  -o cmTryCompileExec673639445 -rdynamic 
gmake[1]: Leaving directory `/home/Yun-Hsuan/GitRepo/tensorlib/uni10/build/CMakeFiles/CMakeTmp'


Detecting CXX compiler ABI info compiled with the following output:
Change Dir: /home/Yun-Hsuan/GitRepo/tensorlib/uni10/build/CMakeFiles/CMakeTmp

Run Build Command:/usr/bin/gmake "cmTryCompileExec2992699544/fast"
/usr/bin/gmake -f CMakeFiles/cmTryCompileExec2992699544.dir/build.make CMakeFiles/cmTryCompileExec2992699544.dir/build
gmake[1]: Entering directory `/home/Yun-Hsuan/GitRepo/tensorlib/uni10/build/CMakeFiles/CMakeTmp'
/usr/local/bin/cmake -E cmake_progress_report /home/Yun-Hsuan/GitRepo/tensorlib/uni10/build/CMakeFiles/CMakeTmp/CMakeFiles 1
Building CXX object CMakeFiles/cmTryCompileExec2992699544.dir/CMakeCXXCompilerABI.cpp.o
/opt/intel/composer_xe_2015.3.187/bin/intel64/icpc     -o CMakeFiles/cmTryCompileExec2992699544.dir/CMakeCXXCompilerABI.cpp.o -c /usr/local/share/cmake-2.8/Modules/CMakeCXXCompilerABI.cpp
Linking CXX executable cmTryCompileExec2992699544
/usr/local/bin/cmake -E cmake_link_script CMakeFiles/cmTryCompileExec2992699544.dir/link.txt --verbose=1
/opt/intel/composer_xe_2015.3.187/bin/intel64/icpc      -v CMakeFiles/cmTryCompileExec2992699544.dir/CMakeCXXCompilerABI.cpp.o  -o cmTryCompileExec2992699544 -rdynamic  
icpc version 15.0.3 (gcc version 4.8.5 compatibility)
/opt/intel/composer_xe_2015.3.187/bin/intel64/mcpcom    -mP1OPT_version=15.0-intel64 -mGLOB_diag_file=CMakeFiles/cmTryCompileExec2992699544.dir/CMakeCXXCompilerABI.cpp.diag -mP1OPT_print_version=FALSE -mCG_use_gas_got_workaround=F -mP2OPT_align_option_used=TRUE -mGLOB_gcc_version=485 "-mGLOB_options_string=-v -o cmTryCompileExec2992699544 -rdynamic" -mGLOB_cxx_limited_range=FALSE -mCG_extend_parms=FALSE -mGLOB_compiler_bin_directory=/opt/intel/composer_xe_2015.3.187/bin/intel64 -mGLOB_as_output_backup_file_name=/tmp/icpclWuztAas_.s -mIPOPT_activate -mGLOB_em64t -mGLOB_product_id_code=0x22006d8e -mP3OPT_use_mspp_call_convention -mP2OPT_subs_out_of_bound=FALSE -mP2OPT_disam_type_based_disam=2 -mP2OPT_disam_assume_ansi_c -mP2OPT_checked_disam_ansi_alias=TRUE -mGLOB_ansi_alias -mPGOPTI_value_profile_use=T -mGLOB_opt_report_use_source_name -mP2OPT_il0_array_sections=TRUE -mGLOB_offload_mode=1 -mP2OPT_offload_unique_var_string=icpc0101940385050vLs67L -mP2OPT_hlo -mP2OPT_hpo_rtt_control=0 -mIPOPT_args_in_regs=0 -mP2OPT_disam_assume_nonstd_intent_in=FALSE -mGLOB_imf_mapping_library=/opt/intel/composer_xe_2015.3.187/bin/intel64/libiml_attr.so -mPGOPTI_gen_threadsafe_level=0 -mIPOPT_link -mIPOPT_ipo_activate -mIPOPT_mo_activate -mIPOPT_source_files_list=/tmp/icpcslisVB0FE0 -mIPOPT_mo_global_data -mIPOPT_link_script_file=/tmp/icpcscriptAgiQAc "-mIPOPT_cmdline_link="/usr/lib/gcc/x86_64-redhat-linux/4.8.5/../../../../lib64/crt1.o" "/usr/lib/gcc/x86_64-redhat-linux/4.8.5/../../../../lib64/crti.o" "/usr/lib/gcc/x86_64-redhat-linux/4.8.5/crtbegin.o" "-export-dynamic" "--eh-frame-hdr" "--build-id" "-dynamic-linker" "/lib64/ld-linux-x86-64.so.2" "-m" "elf_x86_64" "-o" "cmTryCompileExec2992699544" "-L/opt/intel/composer_xe_2015.3.187/compiler/lib/intel64" "-L/opt/intel/composer_xe_2015.3.187/ipp/../compiler/lib/intel64" "-L/opt/intel/composer_xe_2015.3.187/ipp/lib/intel64" "-L/opt/intel/composer_xe_2015.3.187/compiler/lib/intel64" "-L/opt/intel/composer_xe_2015.3.187/mkl/lib/intel64" "-L/opt/intel/composer_xe_2015.3.187/tbb/lib/intel64/gcc4.4" "-L/opt/intel/composer_xe_2015.3.187/compiler/lib/intel64" "-L/opt/intel/composer_xe_2015.3.187/ipp/../compiler/lib/intel64" "-L/opt/intel/composer_xe_2015.3.187/ipp/lib/intel64" "-L/opt/intel/composer_xe_2015.3.187/compiler/lib/intel64" "-L/opt/intel/composer_xe_2015.3.187/mkl/lib/intel64" "-L/opt/intel/composer_xe_2015.3.187/tbb/lib/intel64/gcc4.4" "-L/opt/intel/composer_xe_2015.3.187/compiler/lib/intel64" "-L/opt/intel/composer_xe_2015.3.187/ipp/../compiler/lib/intel64" "-L/opt/intel/composer_xe_2015.3.187/ipp/lib/intel64" "-L/opt/intel/composer_xe_2015.3.187/compiler/lib/intel64" "-L/opt/intel/composer_xe_2015.3.187/mkl/lib/intel64" "-L/opt/intel/composer_xe_2015.3.187/tbb/lib/intel64/gcc4.4" "-L/opt/intel/composer_xe_2015.3.187/compiler/lib/intel64" "-L/usr/lib/gcc/x86_64-redhat-linux/4.8.5/" "-L/usr/lib/gcc/x86_64-redhat-linux/4.8.5/../../../../lib64" "-L/usr/lib/gcc/x86_64-redhat-linux/4.8.5/../../../../lib64/" "-L/lib/../lib64" "-L/lib/../lib64/" "-L/usr/lib/../lib64" "-L/usr/lib/../lib64/" "-L/opt/intel/composer_xe_2015.3.187/compiler/lib/intel64/" "-L/opt/intel/composer_xe_2015.3.187/ipp/../compiler/lib/intel64/" "-L/opt/intel/composer_xe_2015.3.187/ipp/lib/intel64/" "-L/opt/intel/composer_xe_2015.3.187/mkl/lib/intel64/" "-L/opt/intel/composer_xe_2015.3.187/tbb/lib/intel64/gcc4.4/" "-L/usr/lib/gcc/x86_64-redhat-linux/4.8.5/../../../" "-L/lib64" "-L/lib/" "-L/usr/lib64" "-L/usr/lib" "CMakeFiles/cmTryCompileExec2992699544.dir/CMakeCXXCompilerABI.cpp.o" "-Bdynamic" "-Bstatic" "-limf" "-lsvml" "-lirng" "-Bdynamic" "-lm" "-Bstatic" "-lipgo" "-ldecimal" "--as-needed" "-Bdynamic" "-lcilkrts" "--no-as-needed" "-lstdc++" "-lgcc" "-lgcc_s" "-Bstatic" "-lirc" "-lsvml" "-Bdynamic" "-lc" "-lgcc" "-lgcc_s" "-Bstatic" "-lirc_s" "-Bdynamic" "-ldl" "-lc" "/usr/lib/gcc/x86_64-redhat-linux/4.8.5/crtend.o" "/usr/lib/gcc/x86_64-redhat-linux/4.8.5/../../../../lib64/crtn.o"" -mIPOPT_il_in_obj -mIPOPT_ipo_activate_warn=FALSE -mIPOPT_obj_output_file_name=/tmp/ipo_icpclvrI1Q.o -mIPOPT_whole_archive_fixup_file_name=/tmp/icpcwarchf1JI5v -mGLOB_linker_version=2.23.52.0.1 -mGLOB_long_size_64 -mGLOB_routine_pointer_size_64 -mGLOB_driver_tempfile_name=/tmp/icpctempfileAFQp4H -mP3OPT_asm_target=P3OPT_ASM_TARGET_GAS -mGLOB_async_unwind_tables=TRUE -mGLOB_obj_output_file=/tmp/ipo_icpclvrI1Q.o -mGLOB_source_dialect=GLOB_SOURCE_DIALECT_NONE -mP1OPT_source_file_name=ipo_out.c CMakeFiles/cmTryCompileExec2992699544.dir/CMakeCXXCompilerABI.cpp.o -mIPOPT_object_files=T -mIPOPT_assembly_files=/tmp/icpcalisH3S1Te -mIPOPT_generated_tempfiles=/tmp/icpcelisZeObQq -mIPOPT_embedded_object_base_name=/tmp/icpceobjCkUlMC -mIPOPT_cmdline_link_new_name=/tmp/icpcllisoOSvIO
ld    /usr/lib/gcc/x86_64-redhat-linux/4.8.5/../../../../lib64/crt1.o /usr/lib/gcc/x86_64-redhat-linux/4.8.5/../../../../lib64/crti.o /usr/lib/gcc/x86_64-redhat-linux/4.8.5/crtbegin.o -export-dynamic --eh-frame-hdr --build-id -dynamic-linker /lib64/ld-linux-x86-64.so.2 -m elf_x86_64 -o cmTryCompileExec2992699544 -L/opt/intel/composer_xe_2015.3.187/compiler/lib/intel64 -L/opt/intel/composer_xe_2015.3.187/ipp/../compiler/lib/intel64 -L/opt/intel/composer_xe_2015.3.187/ipp/lib/intel64 -L/opt/intel/composer_xe_2015.3.187/compiler/lib/intel64 -L/opt/intel/composer_xe_2015.3.187/mkl/lib/intel64 -L/opt/intel/composer_xe_2015.3.187/tbb/lib/intel64/gcc4.4 -L/opt/intel/composer_xe_2015.3.187/compiler/lib/intel64 -L/opt/intel/composer_xe_2015.3.187/ipp/../compiler/lib/intel64 -L/opt/intel/composer_xe_2015.3.187/ipp/lib/intel64 -L/opt/intel/composer_xe_2015.3.187/compiler/lib/intel64 -L/opt/intel/composer_xe_2015.3.187/mkl/lib/intel64 -L/opt/intel/composer_xe_2015.3.187/tbb/lib/intel64/gcc4.4 -L/opt/intel/composer_xe_2015.3.187/compiler/lib/intel64 -L/opt/intel/composer_xe_2015.3.187/ipp/../compiler/lib/intel64 -L/opt/intel/composer_xe_2015.3.187/ipp/lib/intel64 -L/opt/intel/composer_xe_2015.3.187/compiler/lib/intel64 -L/opt/intel/composer_xe_2015.3.187/mkl/lib/intel64 -L/opt/intel/composer_xe_2015.3.187/tbb/lib/intel64/gcc4.4 -L/opt/intel/composer_xe_2015.3.187/compiler/lib/intel64 -L/usr/lib/gcc/x86_64-redhat-linux/4.8.5/ -L/usr/lib/gcc/x86_64-redhat-linux/4.8.5/../../../../lib64 -L/usr/lib/gcc/x86_64-redhat-linux/4.8.5/../../../../lib64/ -L/lib/../lib64 -L/lib/../lib64/ -L/usr/lib/../lib64 -L/usr/lib/../lib64/ -L/opt/intel/composer_xe_2015.3.187/compiler/lib/intel64/ -L/opt/intel/composer_xe_2015.3.187/ipp/../compiler/lib/intel64/ -L/opt/intel/composer_xe_2015.3.187/ipp/lib/intel64/ -L/opt/intel/composer_xe_2015.3.187/mkl/lib/intel64/ -L/opt/intel/composer_xe_2015.3.187/tbb/lib/intel64/gcc4.4/ -L/usr/lib/gcc/x86_64-redhat-linux/4.8.5/../../../ -L/lib64 -L/lib/ -L/usr/lib64 -L/usr/lib CMakeFiles/cmTryCompileExec2992699544.dir/CMakeCXXCompilerABI.cpp.o -Bdynamic -Bstatic -limf -lsvml -lirng -Bdynamic -lm -Bstatic -lipgo -ldecimal --as-needed -Bdynamic -lcilkrts --no-as-needed -lstdc++ -lgcc -lgcc_s -Bstatic -lirc -lsvml -Bdynamic -lc -lgcc -lgcc_s -Bstatic -lirc_s -Bdynamic -ldl -lc /usr/lib/gcc/x86_64-redhat-linux/4.8.5/crtend.o /usr/lib/gcc/x86_64-redhat-linux/4.8.5/../../../../lib64/crtn.o
gmake[1]: Leaving directory `/home/Yun-Hsuan/GitRepo/tensorlib/uni10/build/CMakeFiles/CMakeTmp'


Parsed CXX implicit link information from above output:
  link line regex: [^( *|.*[/\])(xild|([^/\]+-)?ld|collect2)[^/\]*( |$)]
  ignore line: [Change Dir: /home/Yun-Hsuan/GitRepo/tensorlib/uni10/build/CMakeFiles/CMakeTmp]
  ignore line: []
  ignore line: [Run Build Command:/usr/bin/gmake "cmTryCompileExec2992699544/fast"]
  ignore line: [/usr/bin/gmake -f CMakeFiles/cmTryCompileExec2992699544.dir/build.make CMakeFiles/cmTryCompileExec2992699544.dir/build]
  ignore line: [gmake[1]: Entering directory `/home/Yun-Hsuan/GitRepo/tensorlib/uni10/build/CMakeFiles/CMakeTmp']
  ignore line: [/usr/local/bin/cmake -E cmake_progress_report /home/Yun-Hsuan/GitRepo/tensorlib/uni10/build/CMakeFiles/CMakeTmp/CMakeFiles 1]
  ignore line: [Building CXX object CMakeFiles/cmTryCompileExec2992699544.dir/CMakeCXXCompilerABI.cpp.o]
  ignore line: [/opt/intel/composer_xe_2015.3.187/bin/intel64/icpc     -o CMakeFiles/cmTryCompileExec2992699544.dir/CMakeCXXCompilerABI.cpp.o -c /usr/local/share/cmake-2.8/Modules/CMakeCXXCompilerABI.cpp]
  ignore line: [Linking CXX executable cmTryCompileExec2992699544]
  ignore line: [/usr/local/bin/cmake -E cmake_link_script CMakeFiles/cmTryCompileExec2992699544.dir/link.txt --verbose=1]
  ignore line: [/opt/intel/composer_xe_2015.3.187/bin/intel64/icpc      -v CMakeFiles/cmTryCompileExec2992699544.dir/CMakeCXXCompilerABI.cpp.o  -o cmTryCompileExec2992699544 -rdynamic  ]
  ignore line: [icpc version 15.0.3 (gcc version 4.8.5 compatibility)]
  ignore line: [/opt/intel/composer_xe_2015.3.187/bin/intel64/mcpcom    -mP1OPT_version=15.0-intel64 -mGLOB_diag_file=CMakeFiles/cmTryCompileExec2992699544.dir/CMakeCXXCompilerABI.cpp.diag -mP1OPT_print_version=FALSE -mCG_use_gas_got_workaround=F -mP2OPT_align_option_used=TRUE -mGLOB_gcc_version=485 "-mGLOB_options_string=-v -o cmTryCompileExec2992699544 -rdynamic" -mGLOB_cxx_limited_range=FALSE -mCG_extend_parms=FALSE -mGLOB_compiler_bin_directory=/opt/intel/composer_xe_2015.3.187/bin/intel64 -mGLOB_as_output_backup_file_name=/tmp/icpclWuztAas_.s -mIPOPT_activate -mGLOB_em64t -mGLOB_product_id_code=0x22006d8e -mP3OPT_use_mspp_call_convention -mP2OPT_subs_out_of_bound=FALSE -mP2OPT_disam_type_based_disam=2 -mP2OPT_disam_assume_ansi_c -mP2OPT_checked_disam_ansi_alias=TRUE -mGLOB_ansi_alias -mPGOPTI_value_profile_use=T -mGLOB_opt_report_use_source_name -mP2OPT_il0_array_sections=TRUE -mGLOB_offload_mode=1 -mP2OPT_offload_unique_var_string=icpc0101940385050vLs67L -mP2OPT_hlo -mP2OPT_hpo_rtt_control=0 -mIPOPT_args_in_regs=0 -mP2OPT_disam_assume_nonstd_intent_in=FALSE -mGLOB_imf_mapping_library=/opt/intel/composer_xe_2015.3.187/bin/intel64/libiml_attr.so -mPGOPTI_gen_threadsafe_level=0 -mIPOPT_link -mIPOPT_ipo_activate -mIPOPT_mo_activate -mIPOPT_source_files_list=/tmp/icpcslisVB0FE0 -mIPOPT_mo_global_data -mIPOPT_link_script_file=/tmp/icpcscriptAgiQAc "-mIPOPT_cmdline_link="/usr/lib/gcc/x86_64-redhat-linux/4.8.5/../../../../lib64/crt1.o" "/usr/lib/gcc/x86_64-redhat-linux/4.8.5/../../../../lib64/crti.o" "/usr/lib/gcc/x86_64-redhat-linux/4.8.5/crtbegin.o" "-export-dynamic" "--eh-frame-hdr" "--build-id" "-dynamic-linker" "/lib64/ld-linux-x86-64.so.2" "-m" "elf_x86_64" "-o" "cmTryCompileExec2992699544" "-L/opt/intel/composer_xe_2015.3.187/compiler/lib/intel64" "-L/opt/intel/composer_xe_2015.3.187/ipp/../compiler/lib/intel64" "-L/opt/intel/composer_xe_2015.3.187/ipp/lib/intel64" "-L/opt/intel/composer_xe_2015.3.187/compiler/lib/intel64" "-L/opt/intel/composer_xe_2015.3.187/mkl/lib/intel64" "-L/opt/intel/composer_xe_2015.3.187/tbb/lib/intel64/gcc4.4" "-L/opt/intel/composer_xe_2015.3.187/compiler/lib/intel64" "-L/opt/intel/composer_xe_2015.3.187/ipp/../compiler/lib/intel64" "-L/opt/intel/composer_xe_2015.3.187/ipp/lib/intel64" "-L/opt/intel/composer_xe_2015.3.187/compiler/lib/intel64" "-L/opt/intel/composer_xe_2015.3.187/mkl/lib/intel64" "-L/opt/intel/composer_xe_2015.3.187/tbb/lib/intel64/gcc4.4" "-L/opt/intel/composer_xe_2015.3.187/compiler/lib/intel64" "-L/opt/intel/composer_xe_2015.3.187/ipp/../compiler/lib/intel64" "-L/opt/intel/composer_xe_2015.3.187/ipp/lib/intel64" "-L/opt/intel/composer_xe_2015.3.187/compiler/lib/intel64" "-L/opt/intel/composer_xe_2015.3.187/mkl/lib/intel64" "-L/opt/intel/composer_xe_2015.3.187/tbb/lib/intel64/gcc4.4" "-L/opt/intel/composer_xe_2015.3.187/compiler/lib/intel64" "-L/usr/lib/gcc/x86_64-redhat-linux/4.8.5/" "-L/usr/lib/gcc/x86_64-redhat-linux/4.8.5/../../../../lib64" "-L/usr/lib/gcc/x86_64-redhat-linux/4.8.5/../../../../lib64/" "-L/lib/../lib64" "-L/lib/../lib64/" "-L/usr/lib/../lib64" "-L/usr/lib/../lib64/" "-L/opt/intel/composer_xe_2015.3.187/compiler/lib/intel64/" "-L/opt/intel/composer_xe_2015.3.187/ipp/../compiler/lib/intel64/" "-L/opt/intel/composer_xe_2015.3.187/ipp/lib/intel64/" "-L/opt/intel/composer_xe_2015.3.187/mkl/lib/intel64/" "-L/opt/intel/composer_xe_2015.3.187/tbb/lib/intel64/gcc4.4/" "-L/usr/lib/gcc/x86_64-redhat-linux/4.8.5/../../../" "-L/lib64" "-L/lib/" "-L/usr/lib64" "-L/usr/lib" "CMakeFiles/cmTryCompileExec2992699544.dir/CMakeCXXCompilerABI.cpp.o" "-Bdynamic" "-Bstatic" "-limf" "-lsvml" "-lirng" "-Bdynamic" "-lm" "-Bstatic" "-lipgo" "-ldecimal" "--as-needed" "-Bdynamic" "-lcilkrts" "--no-as-needed" "-lstdc++" "-lgcc" "-lgcc_s" "-Bstatic" "-lirc" "-lsvml" "-Bdynamic" "-lc" "-lgcc" "-lgcc_s" "-Bstatic" "-lirc_s" "-Bdynamic" "-ldl" "-lc" "/usr/lib/gcc/x86_64-redhat-linux/4.8.5/crtend.o" "/usr/lib/gcc/x86_64-redhat-linux/4.8.5/../../../../lib64/crtn.o"" -mIPOPT_il_in_obj -mIPOPT_ipo_activate_warn=FALSE -mIPOPT_obj_output_file_name=/tmp/ipo_icpclvrI1Q.o -mIPOPT_whole_archive_fixup_file_name=/tmp/icpcwarchf1JI5v -mGLOB_linker_version=2.23.52.0.1 -mGLOB_long_size_64 -mGLOB_routine_pointer_size_64 -mGLOB_driver_tempfile_name=/tmp/icpctempfileAFQp4H -mP3OPT_asm_target=P3OPT_ASM_TARGET_GAS -mGLOB_async_unwind_tables=TRUE -mGLOB_obj_output_file=/tmp/ipo_icpclvrI1Q.o -mGLOB_source_dialect=GLOB_SOURCE_DIALECT_NONE -mP1OPT_source_file_name=ipo_out.c CMakeFiles/cmTryCompileExec2992699544.dir/CMakeCXXCompilerABI.cpp.o -mIPOPT_object_files=T -mIPOPT_assembly_files=/tmp/icpcalisH3S1Te -mIPOPT_generated_tempfiles=/tmp/icpcelisZeObQq -mIPOPT_embedded_object_base_name=/tmp/icpceobjCkUlMC -mIPOPT_cmdline_link_new_name=/tmp/icpcllisoOSvIO]
  link line: [ld    /usr/lib/gcc/x86_64-redhat-linux/4.8.5/../../../../lib64/crt1.o /usr/lib/gcc/x86_64-redhat-linux/4.8.5/../../../../lib64/crti.o /usr/lib/gcc/x86_64-redhat-linux/4.8.5/crtbegin.o -export-dynamic --eh-frame-hdr --build-id -dynamic-linker /lib64/ld-linux-x86-64.so.2 -m elf_x86_64 -o cmTryCompileExec2992699544 -L/opt/intel/composer_xe_2015.3.187/compiler/lib/intel64 -L/opt/intel/composer_xe_2015.3.187/ipp/../compiler/lib/intel64 -L/opt/intel/composer_xe_2015.3.187/ipp/lib/intel64 -L/opt/intel/composer_xe_2015.3.187/compiler/lib/intel64 -L/opt/intel/composer_xe_2015.3.187/mkl/lib/intel64 -L/opt/intel/composer_xe_2015.3.187/tbb/lib/intel64/gcc4.4 -L/opt/intel/composer_xe_2015.3.187/compiler/lib/intel64 -L/opt/intel/composer_xe_2015.3.187/ipp/../compiler/lib/intel64 -L/opt/intel/composer_xe_2015.3.187/ipp/lib/intel64 -L/opt/intel/composer_xe_2015.3.187/compiler/lib/intel64 -L/opt/intel/composer_xe_2015.3.187/mkl/lib/intel64 -L/opt/intel/composer_xe_2015.3.187/tbb/lib/intel64/gcc4.4 -L/opt/intel/composer_xe_2015.3.187/compiler/lib/intel64 -L/opt/intel/composer_xe_2015.3.187/ipp/../compiler/lib/intel64 -L/opt/intel/composer_xe_2015.3.187/ipp/lib/intel64 -L/opt/intel/composer_xe_2015.3.187/compiler/lib/intel64 -L/opt/intel/composer_xe_2015.3.187/mkl/lib/intel64 -L/opt/intel/composer_xe_2015.3.187/tbb/lib/intel64/gcc4.4 -L/opt/intel/composer_xe_2015.3.187/compiler/lib/intel64 -L/usr/lib/gcc/x86_64-redhat-linux/4.8.5/ -L/usr/lib/gcc/x86_64-redhat-linux/4.8.5/../../../../lib64 -L/usr/lib/gcc/x86_64-redhat-linux/4.8.5/../../../../lib64/ -L/lib/../lib64 -L/lib/../lib64/ -L/usr/lib/../lib64 -L/usr/lib/../lib64/ -L/opt/intel/composer_xe_2015.3.187/compiler/lib/intel64/ -L/opt/intel/composer_xe_2015.3.187/ipp/../compiler/lib/intel64/ -L/opt/intel/composer_xe_2015.3.187/ipp/lib/intel64/ -L/opt/intel/composer_xe_2015.3.187/mkl/lib/intel64/ -L/opt/intel/composer_xe_2015.3.187/tbb/lib/intel64/gcc4.4/ -L/usr/lib/gcc/x86_64-redhat-linux/4.8.5/../../../ -L/lib64 -L/lib/ -L/usr/lib64 -L/usr/lib CMakeFiles/cmTryCompileExec2992699544.dir/CMakeCXXCompilerABI.cpp.o -Bdynamic -Bstatic -limf -lsvml -lirng -Bdynamic -lm -Bstatic -lipgo -ldecimal --as-needed -Bdynamic -lcilkrts --no-as-needed -lstdc++ -lgcc -lgcc_s -Bstatic -lirc -lsvml -Bdynamic -lc -lgcc -lgcc_s -Bstatic -lirc_s -Bdynamic -ldl -lc /usr/lib/gcc/x86_64-redhat-linux/4.8.5/crtend.o /usr/lib/gcc/x86_64-redhat-linux/4.8.5/../../../../lib64/crtn.o]
    arg [ld] ==> ignore
    arg [/usr/lib/gcc/x86_64-redhat-linux/4.8.5/../../../../lib64/crt1.o] ==> ignore
    arg [/usr/lib/gcc/x86_64-redhat-linux/4.8.5/../../../../lib64/crti.o] ==> ignore
    arg [/usr/lib/gcc/x86_64-redhat-linux/4.8.5/crtbegin.o] ==> ignore
    arg [-export-dynamic] ==> ignore
    arg [--eh-frame-hdr] ==> ignore
    arg [--build-id] ==> ignore
    arg [-dynamic-linker] ==> ignore
    arg [/lib64/ld-linux-x86-64.so.2] ==> ignore
    arg [-m] ==> ignore
    arg [elf_x86_64] ==> ignore
    arg [-o] ==> ignore
    arg [cmTryCompileExec2992699544] ==> ignore
    arg [-L/opt/intel/composer_xe_2015.3.187/compiler/lib/intel64] ==> dir [/opt/intel/composer_xe_2015.3.187/compiler/lib/intel64]
    arg [-L/opt/intel/composer_xe_2015.3.187/ipp/../compiler/lib/intel64] ==> dir [/opt/intel/composer_xe_2015.3.187/ipp/../compiler/lib/intel64]
    arg [-L/opt/intel/composer_xe_2015.3.187/ipp/lib/intel64] ==> dir [/opt/intel/composer_xe_2015.3.187/ipp/lib/intel64]
    arg [-L/opt/intel/composer_xe_2015.3.187/compiler/lib/intel64] ==> dir [/opt/intel/composer_xe_2015.3.187/compiler/lib/intel64]
    arg [-L/opt/intel/composer_xe_2015.3.187/mkl/lib/intel64] ==> dir [/opt/intel/composer_xe_2015.3.187/mkl/lib/intel64]
    arg [-L/opt/intel/composer_xe_2015.3.187/tbb/lib/intel64/gcc4.4] ==> dir [/opt/intel/composer_xe_2015.3.187/tbb/lib/intel64/gcc4.4]
    arg [-L/opt/intel/composer_xe_2015.3.187/compiler/lib/intel64] ==> dir [/opt/intel/composer_xe_2015.3.187/compiler/lib/intel64]
    arg [-L/opt/intel/composer_xe_2015.3.187/ipp/../compiler/lib/intel64] ==> dir [/opt/intel/composer_xe_2015.3.187/ipp/../compiler/lib/intel64]
    arg [-L/opt/intel/composer_xe_2015.3.187/ipp/lib/intel64] ==> dir [/opt/intel/composer_xe_2015.3.187/ipp/lib/intel64]
    arg [-L/opt/intel/composer_xe_2015.3.187/compiler/lib/intel64] ==> dir [/opt/intel/composer_xe_2015.3.187/compiler/lib/intel64]
    arg [-L/opt/intel/composer_xe_2015.3.187/mkl/lib/intel64] ==> dir [/opt/intel/composer_xe_2015.3.187/mkl/lib/intel64]
    arg [-L/opt/intel/composer_xe_2015.3.187/tbb/lib/intel64/gcc4.4] ==> dir [/opt/intel/composer_xe_2015.3.187/tbb/lib/intel64/gcc4.4]
    arg [-L/opt/intel/composer_xe_2015.3.187/compiler/lib/intel64] ==> dir [/opt/intel/composer_xe_2015.3.187/compiler/lib/intel64]
    arg [-L/opt/intel/composer_xe_2015.3.187/ipp/../compiler/lib/intel64] ==> dir [/opt/intel/composer_xe_2015.3.187/ipp/../compiler/lib/intel64]
    arg [-L/opt/intel/composer_xe_2015.3.187/ipp/lib/intel64] ==> dir [/opt/intel/composer_xe_2015.3.187/ipp/lib/intel64]
    arg [-L/opt/intel/composer_xe_2015.3.187/compiler/lib/intel64] ==> dir [/opt/intel/composer_xe_2015.3.187/compiler/lib/intel64]
    arg [-L/opt/intel/composer_xe_2015.3.187/mkl/lib/intel64] ==> dir [/opt/intel/composer_xe_2015.3.187/mkl/lib/intel64]
    arg [-L/opt/intel/composer_xe_2015.3.187/tbb/lib/intel64/gcc4.4] ==> dir [/opt/intel/composer_xe_2015.3.187/tbb/lib/intel64/gcc4.4]
    arg [-L/opt/intel/composer_xe_2015.3.187/compiler/lib/intel64] ==> dir [/opt/intel/composer_xe_2015.3.187/compiler/lib/intel64]
    arg [-L/usr/lib/gcc/x86_64-redhat-linux/4.8.5/] ==> dir [/usr/lib/gcc/x86_64-redhat-linux/4.8.5/]
    arg [-L/usr/lib/gcc/x86_64-redhat-linux/4.8.5/../../../../lib64] ==> dir [/usr/lib/gcc/x86_64-redhat-linux/4.8.5/../../../../lib64]
    arg [-L/usr/lib/gcc/x86_64-redhat-linux/4.8.5/../../../../lib64/] ==> dir [/usr/lib/gcc/x86_64-redhat-linux/4.8.5/../../../../lib64/]
    arg [-L/lib/../lib64] ==> dir [/lib/../lib64]
    arg [-L/lib/../lib64/] ==> dir [/lib/../lib64/]
    arg [-L/usr/lib/../lib64] ==> dir [/usr/lib/../lib64]
    arg [-L/usr/lib/../lib64/] ==> dir [/usr/lib/../lib64/]
    arg [-L/opt/intel/composer_xe_2015.3.187/compiler/lib/intel64/] ==> dir [/opt/intel/composer_xe_2015.3.187/compiler/lib/intel64/]
    arg [-L/opt/intel/composer_xe_2015.3.187/ipp/../compiler/lib/intel64/] ==> dir [/opt/intel/composer_xe_2015.3.187/ipp/../compiler/lib/intel64/]
    arg [-L/opt/intel/composer_xe_2015.3.187/ipp/lib/intel64/] ==> dir [/opt/intel/composer_xe_2015.3.187/ipp/lib/intel64/]
    arg [-L/opt/intel/composer_xe_2015.3.187/mkl/lib/intel64/] ==> dir [/opt/intel/composer_xe_2015.3.187/mkl/lib/intel64/]
    arg [-L/opt/intel/composer_xe_2015.3.187/tbb/lib/intel64/gcc4.4/] ==> dir [/opt/intel/composer_xe_2015.3.187/tbb/lib/intel64/gcc4.4/]
    arg [-L/usr/lib/gcc/x86_64-redhat-linux/4.8.5/../../../] ==> dir [/usr/lib/gcc/x86_64-redhat-linux/4.8.5/../../../]
    arg [-L/lib64] ==> dir [/lib64]
    arg [-L/lib/] ==> dir [/lib/]
    arg [-L/usr/lib64] ==> dir [/usr/lib64]
    arg [-L/usr/lib] ==> dir [/usr/lib]
    arg [CMakeFiles/cmTryCompileExec2992699544.dir/CMakeCXXCompilerABI.cpp.o] ==> ignore
    arg [-Bdynamic] ==> ignore
    arg [-Bstatic] ==> ignore
    arg [-limf] ==> lib [imf]
    arg [-lsvml] ==> lib [svml]
    arg [-lirng] ==> lib [irng]
    arg [-Bdynamic] ==> ignore
    arg [-lm] ==> lib [m]
    arg [-Bstatic] ==> ignore
    arg [-lipgo] ==> lib [ipgo]
    arg [-ldecimal] ==> lib [decimal]
    arg [--as-needed] ==> ignore
    arg [-Bdynamic] ==> ignore
    arg [-lcilkrts] ==> lib [cilkrts]
    arg [--no-as-needed] ==> ignore
    arg [-lstdc++] ==> lib [stdc++]
    arg [-lgcc] ==> lib [gcc]
    arg [-lgcc_s] ==> lib [gcc_s]
    arg [-Bstatic] ==> ignore
    arg [-lirc] ==> lib [irc]
    arg [-lsvml] ==> lib [svml]
    arg [-Bdynamic] ==> ignore
    arg [-lc] ==> lib [c]
    arg [-lgcc] ==> lib [gcc]
    arg [-lgcc_s] ==> lib [gcc_s]
    arg [-Bstatic] ==> ignore
    arg [-lirc_s] ==> lib [irc_s]
    arg [-Bdynamic] ==> ignore
    arg [-ldl] ==> lib [dl]
    arg [-lc] ==> lib [c]
    arg [/usr/lib/gcc/x86_64-redhat-linux/4.8.5/crtend.o] ==> ignore
    arg [/usr/lib/gcc/x86_64-redhat-linux/4.8.5/../../../../lib64/crtn.o] ==> ignore
  remove lib [gcc]
  remove lib [gcc_s]
  remove lib [gcc]
  remove lib [gcc_s]
  collapse library dir [/opt/intel/composer_xe_2015.3.187/compiler/lib/intel64] ==> [/opt/intel/composer_xe_2015.3.187/compiler/lib/intel64]
  collapse library dir [/opt/intel/composer_xe_2015.3.187/ipp/../compiler/lib/intel64] ==> [/opt/intel/composer_xe_2015.3.187/compiler/lib/intel64]
  collapse library dir [/opt/intel/composer_xe_2015.3.187/ipp/lib/intel64] ==> [/opt/intel/composer_xe_2015.3.187/ipp/lib/intel64]
  collapse library dir [/opt/intel/composer_xe_2015.3.187/compiler/lib/intel64] ==> [/opt/intel/composer_xe_2015.3.187/compiler/lib/intel64]
  collapse library dir [/opt/intel/composer_xe_2015.3.187/mkl/lib/intel64] ==> [/opt/intel/composer_xe_2015.3.187/mkl/lib/intel64]
  collapse library dir [/opt/intel/composer_xe_2015.3.187/tbb/lib/intel64/gcc4.4] ==> [/opt/intel/composer_xe_2015.3.187/tbb/lib/intel64/gcc4.4]
  collapse library dir [/opt/intel/composer_xe_2015.3.187/compiler/lib/intel64] ==> [/opt/intel/composer_xe_2015.3.187/compiler/lib/intel64]
  collapse library dir [/opt/intel/composer_xe_2015.3.187/ipp/../compiler/lib/intel64] ==> [/opt/intel/composer_xe_2015.3.187/compiler/lib/intel64]
  collapse library dir [/opt/intel/composer_xe_2015.3.187/ipp/lib/intel64] ==> [/opt/intel/composer_xe_2015.3.187/ipp/lib/intel64]
  collapse library dir [/opt/intel/composer_xe_2015.3.187/compiler/lib/intel64] ==> [/opt/intel/composer_xe_2015.3.187/compiler/lib/intel64]
  collapse library dir [/opt/intel/composer_xe_2015.3.187/mkl/lib/intel64] ==> [/opt/intel/composer_xe_2015.3.187/mkl/lib/intel64]
  collapse library dir [/opt/intel/composer_xe_2015.3.187/tbb/lib/intel64/gcc4.4] ==> [/opt/intel/composer_xe_2015.3.187/tbb/lib/intel64/gcc4.4]
  collapse library dir [/opt/intel/composer_xe_2015.3.187/compiler/lib/intel64] ==> [/opt/intel/composer_xe_2015.3.187/compiler/lib/intel64]
  collapse library dir [/opt/intel/composer_xe_2015.3.187/ipp/../compiler/lib/intel64] ==> [/opt/intel/composer_xe_2015.3.187/compiler/lib/intel64]
  collapse library dir [/opt/intel/composer_xe_2015.3.187/ipp/lib/intel64] ==> [/opt/intel/composer_xe_2015.3.187/ipp/lib/intel64]
  collapse library dir [/opt/intel/composer_xe_2015.3.187/compiler/lib/intel64] ==> [/opt/intel/composer_xe_2015.3.187/compiler/lib/intel64]
  collapse library dir [/opt/intel/composer_xe_2015.3.187/mkl/lib/intel64] ==> [/opt/intel/composer_xe_2015.3.187/mkl/lib/intel64]
  collapse library dir [/opt/intel/composer_xe_2015.3.187/tbb/lib/intel64/gcc4.4] ==> [/opt/intel/composer_xe_2015.3.187/tbb/lib/intel64/gcc4.4]
  collapse library dir [/opt/intel/composer_xe_2015.3.187/compiler/lib/intel64] ==> [/opt/intel/composer_xe_2015.3.187/compiler/lib/intel64]
  collapse library dir [/usr/lib/gcc/x86_64-redhat-linux/4.8.5/] ==> [/usr/lib/gcc/x86_64-redhat-linux/4.8.5]
  collapse library dir [/usr/lib/gcc/x86_64-redhat-linux/4.8.5/../../../../lib64] ==> [/usr/lib64]
  collapse library dir [/usr/lib/gcc/x86_64-redhat-linux/4.8.5/../../../../lib64/] ==> [/usr/lib64]
  collapse library dir [/lib/../lib64] ==> [/lib64]
  collapse library dir [/lib/../lib64/] ==> [/lib64]
  collapse library dir [/usr/lib/../lib64] ==> [/usr/lib64]
  collapse library dir [/usr/lib/../lib64/] ==> [/usr/lib64]
  collapse library dir [/opt/intel/composer_xe_2015.3.187/compiler/lib/intel64/] ==> [/opt/intel/composer_xe_2015.3.187/compiler/lib/intel64]
  collapse library dir [/opt/intel/composer_xe_2015.3.187/ipp/../compiler/lib/intel64/] ==> [/opt/intel/composer_xe_2015.3.187/compiler/lib/intel64]
  collapse library dir [/opt/intel/composer_xe_2015.3.187/ipp/lib/intel64/] ==> [/opt/intel/composer_xe_2015.3.187/ipp/lib/intel64]
  collapse library dir [/opt/intel/composer_xe_2015.3.187/mkl/lib/intel64/] ==> [/opt/intel/composer_xe_2015.3.187/mkl/lib/intel64]
  collapse library dir [/opt/intel/composer_xe_2015.3.187/tbb/lib/intel64/gcc4.4/] ==> [/opt/intel/composer_xe_2015.3.187/tbb/lib/intel64/gcc4.4]
  collapse library dir [/usr/lib/gcc/x86_64-redhat-linux/4.8.5/../../../] ==> [/usr/lib]
  collapse library dir [/lib64] ==> [/lib64]
  collapse library dir [/lib/] ==> [/lib]
  collapse library dir [/usr/lib64] ==> [/usr/lib64]
  collapse library dir [/usr/lib] ==> [/usr/lib]
  implicit libs: [imf;svml;irng;m;ipgo;decimal;cilkrts;stdc++;irc;svml;c;irc_s;dl;c]
  implicit dirs: [/opt/intel/composer_xe_2015.3.187/compiler/lib/intel64;/opt/intel/composer_xe_2015.3.187/ipp/lib/intel64;/opt/intel/composer_xe_2015.3.187/mkl/lib/intel64;/opt/intel/composer_xe_2015.3.187/tbb/lib/intel64/gcc4.4;/usr/lib/gcc/x86_64-redhat-linux/4.8.5;/usr/lib64;/lib64;/usr/lib;/lib]
  implicit fwks: []


Determining if files pthread.h exist passed with the following output:
Change Dir: /home/Yun-Hsuan/GitRepo/tensorlib/uni10/build/CMakeFiles/CMakeTmp

Run Build Command:/usr/bin/gmake "cmTryCompileExec3190683996/fast"
/usr/bin/gmake -f CMakeFiles/cmTryCompileExec3190683996.dir/build.make CMakeFiles/cmTryCompileExec3190683996.dir/build
gmake[1]: Entering directory `/home/Yun-Hsuan/GitRepo/tensorlib/uni10/build/CMakeFiles/CMakeTmp'
/usr/local/bin/cmake -E cmake_progress_report /home/Yun-Hsuan/GitRepo/tensorlib/uni10/build/CMakeFiles/CMakeTmp/CMakeFiles 1
Building C object CMakeFiles/cmTryCompileExec3190683996.dir/CheckIncludeFiles.c.o
/opt/intel/composer_xe_2015.3.187/bin/intel64/icc    -o CMakeFiles/cmTryCompileExec3190683996.dir/CheckIncludeFiles.c.o   -c /home/Yun-Hsuan/GitRepo/tensorlib/uni10/build/CMakeFiles/CMakeTmp/CheckIncludeFiles.c
Linking C executable cmTryCompileExec3190683996
/usr/local/bin/cmake -E cmake_link_script CMakeFiles/cmTryCompileExec3190683996.dir/link.txt --verbose=1
/opt/intel/composer_xe_2015.3.187/bin/intel64/icc       CMakeFiles/cmTryCompileExec3190683996.dir/CheckIncludeFiles.c.o  -o cmTryCompileExec3190683996 -rdynamic 
gmake[1]: Leaving directory `/home/Yun-Hsuan/GitRepo/tensorlib/uni10/build/CMakeFiles/CMakeTmp'


Determining if the function pthread_create exists in the pthread passed with the following output:
Change Dir: /home/Yun-Hsuan/GitRepo/tensorlib/uni10/build/CMakeFiles/CMakeTmp

Run Build Command:/usr/bin/gmake "cmTryCompileExec2613711848/fast"
/usr/bin/gmake -f CMakeFiles/cmTryCompileExec2613711848.dir/build.make CMakeFiles/cmTryCompileExec2613711848.dir/build
gmake[1]: Entering directory `/home/Yun-Hsuan/GitRepo/tensorlib/uni10/build/CMakeFiles/CMakeTmp'
/usr/local/bin/cmake -E cmake_progress_report /home/Yun-Hsuan/GitRepo/tensorlib/uni10/build/CMakeFiles/CMakeTmp/CMakeFiles 1
Building C object CMakeFiles/cmTryCompileExec2613711848.dir/CheckFunctionExists.c.o
/opt/intel/composer_xe_2015.3.187/bin/intel64/icc   -DCHECK_FUNCTION_EXISTS=pthread_create   -o CMakeFiles/cmTryCompileExec2613711848.dir/CheckFunctionExists.c.o   -c /usr/local/share/cmake-2.8/Modules/CheckFunctionExists.c
Linking C executable cmTryCompileExec2613711848
/usr/local/bin/cmake -E cmake_link_script CMakeFiles/cmTryCompileExec2613711848.dir/link.txt --verbose=1
/opt/intel/composer_xe_2015.3.187/bin/intel64/icc   -DCHECK_FUNCTION_EXISTS=pthread_create    CMakeFiles/cmTryCompileExec2613711848.dir/CheckFunctionExists.c.o  -o cmTryCompileExec2613711848 -rdynamic -lpthread 
gmake[1]: Leaving directory `/home/Yun-Hsuan/GitRepo/tensorlib/uni10/build/CMakeFiles/CMakeTmp'


