Determining if the pthread_create exist failed with the following output:
Change Dir: /home/Yun-Hsuan/GitRepo/tensorlib/uni10/build/CMakeFiles/CMakeTmp

Run Build Command:/usr/bin/gmake "cmTryCompileExec1934861426/fast"
/usr/bin/gmake -f CMakeFiles/cmTryCompileExec1934861426.dir/build.make CMakeFiles/cmTryCompileExec1934861426.dir/build
gmake[1]: Entering directory `/home/Yun-Hsuan/GitRepo/tensorlib/uni10/build/CMakeFiles/CMakeTmp'
/usr/local/bin/cmake -E cmake_progress_report /home/Yun-Hsuan/GitRepo/tensorlib/uni10/build/CMakeFiles/CMakeTmp/CMakeFiles 1
Building C object CMakeFiles/cmTryCompileExec1934861426.dir/CheckSymbolExists.c.o
/opt/intel/composer_xe_2015.3.187/bin/intel64/icc    -o CMakeFiles/cmTryCompileExec1934861426.dir/CheckSymbolExists.c.o   -c /home/Yun-Hsuan/GitRepo/tensorlib/uni10/build/CMakeFiles/CMakeTmp/CheckSymbolExists.c
Linking C executable cmTryCompileExec1934861426
/usr/local/bin/cmake -E cmake_link_script CMakeFiles/cmTryCompileExec1934861426.dir/link.txt --verbose=1
/opt/intel/composer_xe_2015.3.187/bin/intel64/icc       CMakeFiles/cmTryCompileExec1934861426.dir/CheckSymbolExists.c.o  -o cmTryCompileExec1934861426 -rdynamic 
CMakeFiles/cmTryCompileExec1934861426.dir/CheckSymbolExists.c.o: In function `main':
CheckSymbolExists.c:(.text+0x23): undefined reference to `pthread_create'
gmake[1]: *** [cmTryCompileExec1934861426] Error 1
gmake[1]: Leaving directory `/home/Yun-Hsuan/GitRepo/tensorlib/uni10/build/CMakeFiles/CMakeTmp'
gmake: *** [cmTryCompileExec1934861426/fast] Error 2

File /home/Yun-Hsuan/GitRepo/tensorlib/uni10/build/CMakeFiles/CMakeTmp/CheckSymbolExists.c:
/* */
#include <pthread.h>

int main(int argc, char** argv)
{
  (void)argv;
#ifndef pthread_create
  return ((int*)(&pthread_create))[argc];
#else
  (void)argc;
  return 0;
#endif
}

Determining if the function pthread_create exists in the pthreads failed with the following output:
Change Dir: /home/Yun-Hsuan/GitRepo/tensorlib/uni10/build/CMakeFiles/CMakeTmp

Run Build Command:/usr/bin/gmake "cmTryCompileExec4169810559/fast"
/usr/bin/gmake -f CMakeFiles/cmTryCompileExec4169810559.dir/build.make CMakeFiles/cmTryCompileExec4169810559.dir/build
gmake[1]: Entering directory `/home/Yun-Hsuan/GitRepo/tensorlib/uni10/build/CMakeFiles/CMakeTmp'
/usr/local/bin/cmake -E cmake_progress_report /home/Yun-Hsuan/GitRepo/tensorlib/uni10/build/CMakeFiles/CMakeTmp/CMakeFiles 1
Building C object CMakeFiles/cmTryCompileExec4169810559.dir/CheckFunctionExists.c.o
/opt/intel/composer_xe_2015.3.187/bin/intel64/icc   -DCHECK_FUNCTION_EXISTS=pthread_create   -o CMakeFiles/cmTryCompileExec4169810559.dir/CheckFunctionExists.c.o   -c /usr/local/share/cmake-2.8/Modules/CheckFunctionExists.c
Linking C executable cmTryCompileExec4169810559
/usr/local/bin/cmake -E cmake_link_script CMakeFiles/cmTryCompileExec4169810559.dir/link.txt --verbose=1
/opt/intel/composer_xe_2015.3.187/bin/intel64/icc   -DCHECK_FUNCTION_EXISTS=pthread_create    CMakeFiles/cmTryCompileExec4169810559.dir/CheckFunctionExists.c.o  -o cmTryCompileExec4169810559 -rdynamic -lpthreads 
ld: cannot find -lpthreads
gmake[1]: *** [cmTryCompileExec4169810559] Error 1
gmake[1]: Leaving directory `/home/Yun-Hsuan/GitRepo/tensorlib/uni10/build/CMakeFiles/CMakeTmp'
gmake: *** [cmTryCompileExec4169810559/fast] Error 2


